av512m/500/1 : [22.20564, 9.14282, 22.88139]
av512m/500/2 : [20.16404, 10.63584, 21.76634]
av512m/500/3 : [7.69679, 4.99149, 7.69357]
av512m/750/1 : [17.78356, 19.13645, 21.06556]
av512m/750/2 : [21.91459, 8.87768, 20.31006]
av512m/750/3 : [12.96204, 13.6559, 15.49702]
av512m/1000/1 : [9.06692, 5.65535, 9.45157]
av512m/1000/2 : [18.29633, 18.18788, 20.22512]
av512m/1000/3 : [12.72558, 6.70939, 13.66765]
av512m/1250/1 : [34.62417, 8.77026, 31.5642]
av512m/1250/2 : [5.03176, 4.67777, 5.13127]
av512m/1250/3 : [15.94253, 14.62747, 17.24655]
av512m/2500/1 : [9.07494, 4.38489, 8.37906]
av512m/2500/2 : [5.97041, 5.23702, 6.05634]
av512m/2500/3 : [32.68856, 4.2799, 28.66567]
av512m/5000/1 : [6.88122, 4.08711, 6.62151]
av512m/5000/2 : [8.17006, 4.55991, 7.85254]
av512m/5000/3 : [9.03758, 4.85876, 8.67742]
av512m/10000/1 : [8.48333, 6.64244, 8.66001]
av512m/10000/2 : [7.14458, 5.95434, 7.24416]
av512m/10000/3 : [54.10901, 64.34977, 77.43099]
av512s/500/1 : [28.64733, 6.71137, 35.50173]
av512s/500/2 : [9.81232, 5.4906, 11.16075]
av512s/500/3 : [15.56444, 9.18859, 17.54685]
av512s/750/1 : [6.1055, 5.39337, 6.7356]
av512s/750/2 : [13.51074, 4.35294, 14.66609]
av512s/750/3 : [6.83584, 4.81727, 7.0457]
av512s/1000/1 : [6.98327, 3.31269, 6.74917]
av512s/1000/2 : [9.02494, 6.29359, 9.06081]
av512s/1000/3 : [8.32194, 3.69747, 8.01139]
av512s/1250/1 : [8.14855, 3.01489, 7.73204]
av512s/1250/2 : [8.49191, 5.08754, 8.59093]
av512s/1250/3 : [6.21009, 2.14697, 3.88298, 5.80532]
av512s/2500/1 : [12.41133, 4.25154, 11.80195]
av512s/2500/2 : [12.24131, 4.20834, 11.50176]
av512s/2500/3 : [12.54438, 4.97339, 12.08549]
av512s/5000/1 : [7.42524, 3.6208, 7.24294]
av512s/5000/2 : [8.38636, 4.00483, 8.1278]
av512s/5000/3 : [8.01238, 4.17809, 7.7704]
av512s/10000/1 : [4.47945, 3.96323, 4.63775]
av512s/10000/2 : [4.69545, 3.30896, 4.60542]
av512s/10000/3 : [6.8307, 5.14193, 6.96965]
euroc_mh1_752/500/1 : [3.45437, 3.45437]
euroc_mh1_752/500/2 : [3.73843, 3.73843]
euroc_mh1_752/500/3 : [2.88928, 2.88928]
euroc_mh1_752/750/1 : [3.9462, 3.9462]
euroc_mh1_752/750/2 : [3.62977, 3.62977]
euroc_mh1_752/750/3 : [3.56764, 3.56764]
euroc_mh1_752/1000/1 : [4.02512, 4.02512]
euroc_mh1_752/1000/2 : [3.71991, 3.71991]
euroc_mh1_752/1000/3 : [4.06471, 4.06471]
euroc_mh1_752/1250/1 : [3.94975, 3.94975]
euroc_mh1_752/1250/2 : [3.95586, 3.95586]
euroc_mh1_752/1250/3 : [3.87091, 3.87091]
euroc_mh1_752/2500/1 : [3.59096, 3.59096]
euroc_mh1_752/2500/2 : [3.54646, 3.54646]
euroc_mh1_752/2500/3 : [3.64821, 3.64821]
euroc_mh1_752/5000/1 : [3.65477, 3.65477]
euroc_mh1_752/5000/2 : [3.81817, 3.81817]
euroc_mh1_752/5000/3 : [3.76019, 3.76019]
euroc_mh1_752/10000/1 : [4.34072, 4.34072]
euroc_mh1_752/10000/2 : [4.73244, 4.73244]
euroc_mh1_752/10000/3 : [4.78603, 4.78603]
euroc_mh2_752/500/1 : [4.12686, 4.12686]
euroc_mh2_752/500/2 : [3.10609, 3.10609]
euroc_mh2_752/500/3 : [2.90922, 2.90922]
euroc_mh2_752/750/1 : [3.49062, 3.49062]
euroc_mh2_752/750/2 : [3.24637, 3.24637]
euroc_mh2_752/750/3 : [3.29212, 3.29212]
euroc_mh2_752/1000/1 : [2.99614, 2.99614]
euroc_mh2_752/1000/2 : [2.91429, 2.91429]
euroc_mh2_752/1000/3 : [5.60895, 5.60895]
euroc_mh2_752/1250/1 : [3.23532, 3.23532]
euroc_mh2_752/1250/2 : [7.82315, 7.82315]
euroc_mh2_752/1250/3 : [6.69579, 6.69579]
euroc_mh2_752/2500/1 : [3.17294, 3.17294]
euroc_mh2_752/2500/2 : [3.38097, 3.38097]
euroc_mh2_752/2500/3 : [3.40601, 3.40601]
euroc_mh2_752/5000/1 : [3.84791, 3.84791]
euroc_mh2_752/5000/2 : [3.45889, 3.45889]
euroc_mh2_752/5000/3 : [3.38571, 3.38571]
euroc_mh2_752/10000/1 : [9.21221, 9.21221]
euroc_mh2_752/10000/2 : [3.5469, 3.5469]
euroc_mh2_752/10000/3 : [3.34788, 3.34788]
euroc_mh3_752/500/1 : [3.92282, 3.92282]
euroc_mh3_752/500/2 : [4.17948, 4.17948]
euroc_mh3_752/500/3 : [3.90826, 3.90826]
euroc_mh3_752/750/1 : [3.9405, 3.9405]
euroc_mh3_752/750/2 : [3.70493, 3.70493]
euroc_mh3_752/750/3 : [4.19983, 4.19983]
euroc_mh3_752/1000/1 : [3.44478, 3.44478]
euroc_mh3_752/1000/2 : [3.71045, 3.71045]
euroc_mh3_752/1000/3 : [4.04923, 4.04923]
euroc_mh3_752/1250/1 : [3.71896, 3.71896]
euroc_mh3_752/1250/2 : [3.66858, 3.66858]
euroc_mh3_752/1250/3 : [3.63572, 3.63572]
euroc_mh3_752/2500/1 : [11.11842, 11.11842]
euroc_mh3_752/2500/2 : [38.346, 38.346]
euroc_mh3_752/2500/3 : [4.49696, 4.49696]
euroc_mh3_752/5000/1 : [5.39605, 5.39605]
euroc_mh3_752/5000/2 : [5.03756, 5.03756]
euroc_mh3_752/5000/3 : [4.81892, 4.81892]
euroc_mh3_752/10000/1 : [6.72855, 6.72855]
euroc_mh3_752/10000/2 : [9.10042, 9.10042]
euroc_mh3_752/10000/3 : [6.3272, 6.3272]
euroc_mh4_752/500/1 : [6.44975, 6.44975]
euroc_mh4_752/500/2 : [12.47975, 12.47975]
euroc_mh4_752/500/3 : [10.79286, 10.79286]
euroc_mh4_752/750/1 : [5.95972, 5.95972]
euroc_mh4_752/750/2 : [12.78902, 12.78902]
euroc_mh4_752/750/3 : [5.15069, 5.15069]
euroc_mh4_752/1000/1 : [5.05678, 5.05678]
euroc_mh4_752/1000/2 : [6.49369, 6.49369]
euroc_mh4_752/1000/3 : [4.77987, 4.77987]
euroc_mh4_752/1250/1 : [4.92142, 4.92142]
euroc_mh4_752/1250/2 : [5.01954, 5.01954]
euroc_mh4_752/1250/3 : [5.72377, 5.72377]
euroc_mh4_752/2500/1 : [7.18257, 7.18257]
euroc_mh4_752/2500/2 : [5.31435, 5.31435]
euroc_mh4_752/2500/3 : [5.74733, 5.74733]
euroc_mh4_752/5000/1 : [126.85168, 126.85168]
euroc_mh4_752/5000/2 : [37.98958, 37.98958]
euroc_mh4_752/5000/3 : [55.72369, 55.72369]
euroc_mh4_752/10000/1 : [74.49345, 74.49345]
euroc_mh4_752/10000/2 : [311.8603, 311.8603]
euroc_mh4_752/10000/3 : [194.0141, 194.0141]
euroc_mh5_752/500/1 : [7.3896, 7.3896]
euroc_mh5_752/500/2 : [8.66325, 8.66325]
euroc_mh5_752/500/3 : [9.89127, 3.85794, 10.03814]
euroc_mh5_752/750/1 : [5.04037, 5.04037]
euroc_mh5_752/750/2 : [4.80474, 4.80474]
euroc_mh5_752/750/3 : [6.71347, 6.71347]
euroc_mh5_752/1000/1 : [4.70016, 4.70016]
euroc_mh5_752/1000/2 : [4.74469, 4.74469]
euroc_mh5_752/1000/3 : [10.69159, 10.69159]
euroc_mh5_752/1250/1 : [4.58923, 4.58923]
euroc_mh5_752/1250/2 : [4.60483, 4.60483]
euroc_mh5_752/1250/3 : [4.37004, 4.37004]
euroc_mh5_752/2500/1 : [7.828, 7.828]
euroc_mh5_752/2500/2 : [5.62703, 5.62703]
euroc_mh5_752/2500/3 : [5.8084, 5.8084]
euroc_mh5_752/5000/1 : [49.2348, 49.2348]
euroc_mh5_752/5000/2 : [8.20128, 8.20128]
euroc_mh5_752/5000/3 : [5.76451, 5.76451]
euroc_mh5_752/10000/1 : [9.83049, 9.83049]
euroc_mh5_752/10000/2 : [47.61542, 47.61542]
euroc_mh5_752/10000/3 : [15.0418, 15.0418]
euroc_v101_752/500/1 : [8.71134, 8.71134]
euroc_v101_752/500/2 : [8.74076, 8.74076]
euroc_v101_752/500/3 : [8.76996, 8.76996]
euroc_v101_752/750/1 : [8.73096, 8.73096]
euroc_v101_752/750/2 : [8.72867, 8.72867]
euroc_v101_752/750/3 : [8.80166, 8.80166]
euroc_v101_752/1000/1 : [8.84652, 8.84652]
euroc_v101_752/1000/2 : [8.77022, 8.77022]
euroc_v101_752/1000/3 : [8.69599, 8.69599]
euroc_v101_752/1250/1 : [8.7515, 8.7515]
euroc_v101_752/1250/2 : [8.82096, 8.82096]
euroc_v101_752/1250/3 : [8.7732, 8.7732]
euroc_v101_752/2500/1 : [8.78236, 8.78236]
euroc_v101_752/2500/2 : [8.76451, 8.76451]
euroc_v101_752/2500/3 : [8.7646, 8.7646]
euroc_v101_752/5000/1 : [8.82513, 8.82513]
euroc_v101_752/5000/2 : [8.71884, 8.71884]
euroc_v101_752/5000/3 : [8.79477, 8.79477]
euroc_v101_752/10000/1 : [8.76873, 8.76873]
euroc_v101_752/10000/2 : [8.71591, 8.71591]
euroc_v101_752/10000/3 : [8.77864, 8.77864]
euroc_v102_752/500/1 : [7.05876, 6.35123, 0.68677, 7.37361]
euroc_v102_752/500/2 : [5.89404, 5.77279, 0.91275, 6.40044]
euroc_v102_752/500/3 : [5.86654, 5.50637, 5.95712]
euroc_v102_752/750/1 : [6.24868, 6.20291, 1.5653, 7.04662]
euroc_v102_752/750/2 : [5.77809, 5.18944, 1.49586, 6.25291]
euroc_v102_752/750/3 : [5.94355, 5.41078, 1.65493, 6.44833]
euroc_v102_752/1000/1 : [5.65437, 5.6862, 1.63216, 6.44563]
euroc_v102_752/1000/2 : [5.07325, 7.014, 0.74248, 6.76271]
euroc_v102_752/1000/3 : [7.34635, 7.53215, 1.84182, 7.78297]
euroc_v102_752/1250/1 : [29.10821, 41.32448, 7.85129, 16.76795, -100, 28.37035]
euroc_v102_752/1250/2 : [8.64834, 10.97349, 2.37138, 9.76717]
euroc_v102_752/1250/3 : [43.28372, 18.85926, 3.53138, 37.76649]
euroc_v102_752/2500/1 : [9.49961, 10.83559, 1.60683, 10.70318]
euroc_v102_752/2500/2 : [7.99421, 18.11407, 1.55264, 14.2865]
euroc_v102_752/2500/3 : [5.47742, 6.15709, 6.32329]
euroc_v102_752/5000/1 : [118.59742, 118.59742]
euroc_v102_752/5000/2 : [153.78941, -100, 153.78941]
euroc_v102_752/5000/3 : [128.32023, -100, 128.32023]
euroc_v102_752/10000/1 : [41.83917, 5.50056, 38.09385]
euroc_v102_752/10000/2 : [77.65202, 77.65202]
euroc_v102_752/10000/3 : [17.27006, 17.27006]
euroc_v103_752/500/1 : [20.66875, 20.66875]
euroc_v103_752/500/2 : [18.60019, 1.54361, 18.19915]
euroc_v103_752/500/3 : [9.88363, -100, -100, 9.88363]
euroc_v103_752/750/1 : [12.36661, 3.96956, 11.88056]
euroc_v103_752/750/2 : [5.00573, 5.80972, 6.41748]
euroc_v103_752/750/3 : [17.70458, -100, 17.70458]
euroc_v103_752/1000/1 : [8.27817, 5.79093, 8.11212]
euroc_v103_752/1000/2 : [6.79341, -100, 6.79341]
euroc_v103_752/1000/3 : [6.91406, 0.77226, 6.82694]
euroc_v103_752/1250/1 : [17.1282, 7.61715, 16.74954]
euroc_v103_752/1250/2 : [40.27394, 2.15454, -100, 39.999]
euroc_v103_752/1250/3 : [44.08568, -100, 44.08568]
euroc_v103_752/2500/1 : [93.89264, 26.72109, 95.10166]
euroc_v103_752/2500/2 : [44.40532, 27.87222, 40.55316]
euroc_v103_752/2500/3 : [8.1688, 2.97554, 8.00229]
euroc_v103_752/5000/1 : [17.79884, 8.41578, 3.03236, 6.71589, 13.61851]
euroc_v103_752/5000/2 : [27.62793, 14.16971, 26.81527]
euroc_v103_752/5000/3 : [28.62979, 10.32532, 27.51485]
euroc_v103_752/10000/1 : [36.87539, 20.98707, 36.09757]
euroc_v103_752/10000/2 : [23.67993, -100, 23.67993]
euroc_v103_752/10000/3 : [156.6302, 80.96798, -100, 152.55111]
euroc_v201_752/500/1 : [5.88386, 5.88386]
euroc_v201_752/500/2 : [5.50663, 5.50663]
euroc_v201_752/500/3 : [6.00989, 6.00989]
euroc_v201_752/750/1 : [5.9471, 5.9471]
euroc_v201_752/750/2 : [5.56529, 5.56529]
euroc_v201_752/750/3 : [5.61239, 5.61239]
euroc_v201_752/1000/1 : [5.56253, 5.56253]
euroc_v201_752/1000/2 : [6.017, 6.017]
euroc_v201_752/1000/3 : [6.00451, 6.00451]
euroc_v201_752/1250/1 : [30.86703, -100, 30.86703]
euroc_v201_752/1250/2 : [55.18512, 58.93965, -100, 64.07311]
euroc_v201_752/1250/3 : [62.48102, -100, 62.48102]
euroc_v201_752/2500/1 : [6.53071, 5.5547, 6.47865]
euroc_v201_752/2500/2 : [5.84056, 5.84056]
euroc_v201_752/2500/3 : [70.12246, 5.56976, 67.87051]
euroc_v201_752/5000/1 : [6.43769, 17.20564, 8.33425]
euroc_v201_752/5000/2 : [89.23363, 3.56384, 85.83346]
euroc_v201_752/5000/3 : [6.02412, 6.02412]
euroc_v201_752/10000/1 : [66.38178, 66.38178]
euroc_v201_752/10000/2 : [6.79901, 3.77896, 6.68119]
euroc_v201_752/10000/3 : [5.98072, 5.98072]
euroc_v202_752/500/1 : [8.37558, 8.37558]
euroc_v202_752/500/2 : [6.84066, 6.84066]
euroc_v202_752/500/3 : [7.34989, 7.34989]
euroc_v202_752/750/1 : [10.14811, 10.14811]
euroc_v202_752/750/2 : [5.02827, 3.65932, 5.14819]
euroc_v202_752/750/3 : [5.48982, 3.71327, 5.42318]
euroc_v202_752/1000/1 : [111.55064, 66.22113, 5.99971, 142.48544]
euroc_v202_752/1000/2 : [20.48595, 5.87852, 2.25895, 14.84164]
euroc_v202_752/1000/3 : [5.81714, 4.67128, 5.44435]
euroc_v202_752/1250/1 : [5.50427, 4.66835, 5.31391]
euroc_v202_752/1250/2 : [6.20769, 5.18716, 5.95633]
euroc_v202_752/1250/3 : [6.01092, 4.93996, 5.68056]
euroc_v202_752/2500/1 : [41.89582, 35.9433, 36.97541, 40.14367]
euroc_v202_752/2500/2 : [14.74565, 10.66497, 12.49461]
euroc_v202_752/2500/3 : [19.60932, 146.97079, 158.53807]
euroc_v202_752/5000/1 : [65.48969, 114.34463, 7.96125, 110.48739]
euroc_v202_752/5000/2 : [30.99475, 56.66007, 50.66866]
euroc_v202_752/5000/3 : [19.49099, 6.96901, 13.89338]
euroc_v202_752/10000/1 : [71.66182, 13.9141, 56.38303]
euroc_v202_752/10000/2 : [61.93739, 53.72411, 49.45392, 67.89015]
euroc_v202_752/10000/3 : [60.95987, 5.99317, 43.89775]
euroc_v203_752/500/1 : [20.21809, 20.21809]
euroc_v203_752/500/2 : [57.41703, 57.41703]
euroc_v203_752/500/3 : [95.94088, 3.96493, 170.90454]
euroc_v203_752/750/1 : [35.46235, 35.46235]
euroc_v203_752/750/2 : [40.32106, 40.32106]
euroc_v203_752/750/3 : [48.09784, 48.09784]
euroc_v203_752/1000/1 : [34.04775, 6.74878, 34.5654]
euroc_v203_752/1000/2 : [47.80783, 47.80783]
euroc_v203_752/1000/3 : [50.68352, 0.57506, 52.84275]
euroc_v203_752/1250/1 : [77.72234, 2.54206, 85.44803, 86.87572]
euroc_v203_752/1250/2 : [142.03929, 2.02013, 55.88534, 2.28558, 2.09006, 4.59946, 151.64297]
euroc_v203_752/1250/3 : [189.19132, -100, 189.19132]
euroc_v203_752/2500/1 : [191.1694, -100, 191.1694]
euroc_v203_752/2500/2 : [162.95403, 115.79133, -100, -100, 156.15715]
euroc_v203_752/2500/3 : [190.16519, 43.45929, -100, 180.37954]
euroc_v203_752/5000/1 : [191.09506, 52.56662, -100, -100, 186.50529]
euroc_v203_752/5000/2 : [158.09234, 91.94335, 60.16608, 165.85388]
euroc_v203_752/5000/3 : [107.88335, 107.88335]
euroc_v203_752/10000/1 : [71.14724, 71.14724]
euroc_v203_752/10000/2 : [110.68081, 110.68081]
euroc_v203_752/10000/3 : [109.35662, -100, 109.35662]
tum_room1_512/500/1 : [4.75348, 7.53013, 7.23948]
tum_room1_512/500/2 : [6.92959, 7.51071, 7.68043]
tum_room1_512/500/3 : [5.08024, 7.53306, 7.32845]
tum_room1_512/750/1 : [6.97709, 7.48583, 7.67521]
tum_room1_512/750/2 : [10.88198, 7.42568, 8.91838]
tum_room1_512/750/3 : [8.06377, 8.06377]
tum_room1_512/1000/1 : [31.26641, 7.46713, 19.39181]
tum_room1_512/1000/2 : [11.49717, 7.48441, 9.11617]
tum_room1_512/1000/3 : [32.98554, 7.4792, 20.41776]
tum_room1_512/1250/1 : [16.05568, 7.40386, 11.34307]
tum_room1_512/1250/2 : [7.9402, 7.9402]
tum_room1_512/1250/3 : [20.20802, 20.20802]
tum_room1_512/2500/1 : [8.55995, 8.55995]
tum_room1_512/2500/2 : [7.48221, 7.48221]
tum_room1_512/2500/3 : [22.77471, 22.77471]
tum_room1_512/5000/1 : [16.06947, 16.06947]
tum_room1_512/5000/2 : [37.60973, 37.60973]
tum_room1_512/5000/3 : [65.52287, 65.52287]
tum_room1_512/10000/1 : [28.628, 28.628]
tum_room1_512/10000/2 : [29.7405, 29.7405]
tum_room1_512/10000/3 : [25.48649, 25.48649]
tum_room2_512/500/1 : [5.55578, 3.29026, 4.81969]
tum_room2_512/500/2 : [5.94255, 3.35808, 4.97173]
tum_room2_512/500/3 : [7.00544, 3.34666, 5.39755]
tum_room2_512/750/1 : [7.98192, 3.34008, 5.88363]
tum_room2_512/750/2 : [5.54981, 3.28542, 4.86299]
tum_room2_512/750/3 : [5.07011, 5.07011]
tum_room2_512/1000/1 : [5.48914, 3.36552, 4.91998]
tum_room2_512/1000/2 : [5.36483, 2.60886, 3.30374, 4.88098]
tum_room2_512/1000/3 : [5.87407, 3.342, 5.02595]
tum_room2_512/1250/1 : [4.9455, 4.9455]
tum_room2_512/1250/2 : [4.92693, 4.92693]
tum_room2_512/1250/3 : [5.3459, 5.3459]
tum_room2_512/2500/1 : [4.94782, 4.94782]
tum_room2_512/2500/2 : [4.90386, 4.90386]
tum_room2_512/2500/3 : [4.86907, 4.86907]
tum_room2_512/5000/1 : [4.89313, 4.89313]
tum_room2_512/5000/2 : [4.89587, 4.89587]
tum_room2_512/5000/3 : [4.85337, 4.85337]
tum_room2_512/10000/1 : [4.81426, 4.81426]
tum_room2_512/10000/2 : [4.83988, 4.83988]
tum_room2_512/10000/3 : [4.84408, 4.84408]
tum_room3_512/500/1 : [97.63029, 3.24561, 101.30975]
tum_room3_512/500/2 : [3.84628, 3.19189, 3.84801]
tum_room3_512/500/3 : [18.75755, 3.24864, 11.33082]
tum_room3_512/750/1 : [15.75454, 3.17656, 8.8913]
tum_room3_512/750/2 : [8.29352, 3.09057, 5.58007]
tum_room3_512/750/3 : [4.12744, 3.11914, 4.10407]
tum_room3_512/1000/1 : [18.78858, 3.12667, 10.38661]
tum_room3_512/1000/2 : [88.18756, 3.14701, 124.88145]
tum_room3_512/1000/3 : [34.62741, 1.83191, 3.22925, 28.90657]
tum_room3_512/1250/1 : [21.60293, 3.14979, 11.60817]
tum_room3_512/1250/2 : [82.55574, 125.02492, 130.2063, 124.23059]
tum_room3_512/1250/3 : [71.8153, 72.61459, 2.22856, 3.18292, 74.31303]
tum_room3_512/2500/1 : [4.23189, 3.0447, 4.20504]
tum_room3_512/2500/2 : [4.04432, 3.10264, 4.12121]
tum_room3_512/2500/3 : [4.05956, 3.07827, 4.13528]
tum_room3_512/5000/1 : [4.0286, 3.11628, 4.10811]
tum_room3_512/5000/2 : [3.8673, 3.10662, 4.04371]
tum_room3_512/5000/3 : [4.06176, 3.04711, 4.07729]
tum_room3_512/10000/1 : [3.95249, 3.10244, 4.0618]
tum_room3_512/10000/2 : [3.99477, 3.99477]
tum_room3_512/10000/3 : [4.04147, 3.05132, 4.02009]
tum_room4_512/500/1 : [4.59595, 7.46908, 8.01594]
tum_room4_512/500/2 : [10.84515, 10.84515]
tum_room4_512/500/3 : [8.0019, 8.0019]
tum_room4_512/750/1 : [4.58374, 7.60531, 8.1328]
tum_room4_512/750/2 : [10.05361, 7.43397, 10.17097]
tum_room4_512/750/3 : [4.61879, 7.68174, 8.02637]
tum_room4_512/1000/1 : [4.52317, 7.79466, 8.05224]
tum_room4_512/1000/2 : [4.9759, 7.81764, 8.05732]
tum_room4_512/1000/3 : [8.02495, 8.02495]
tum_room4_512/1250/1 : [4.4013, 7.84053, 8.02684]
tum_room4_512/1250/2 : [7.98326, 7.98326]
tum_room4_512/1250/3 : [8.01388, 8.01388]
tum_room4_512/2500/1 : [4.63706, 7.87659, 8.01426]
tum_room4_512/2500/2 : [4.794, 7.79423, 7.94727]
tum_room4_512/2500/3 : [4.49524, 7.78756, 7.9787]
tum_room4_512/5000/1 : [4.8097, 7.8291, 7.95021]
tum_room4_512/5000/2 : [7.95521, 7.95521]
tum_room4_512/5000/3 : [10.00222, 7.8784, 9.70894]
tum_room4_512/10000/1 : [7.95696, 7.95696]
tum_room4_512/10000/2 : [7.95151, 7.95151]
tum_room4_512/10000/3 : [7.92576, 7.92576]
tum_room5_512/500/1 : [7.6921, 7.6921]
tum_room5_512/500/2 : [12.86509, 12.86509]
tum_room5_512/500/3 : [7.54451, 7.54451]
tum_room5_512/750/1 : [21.19997, 21.19997]
tum_room5_512/750/2 : [7.95987, 7.95987]
tum_room5_512/750/3 : [7.78116, 7.78116]
tum_room5_512/1000/1 : [7.9153, 7.9153]
tum_room5_512/1000/2 : [7.77936, 7.77936]
tum_room5_512/1000/3 : [9.70916, 9.70916]
tum_room5_512/1250/1 : [11.10472, 11.10472]
tum_room5_512/1250/2 : [67.48625, 67.48625]
tum_room5_512/1250/3 : [5.36438, 7.18619, 7.80997]
tum_room5_512/2500/1 : [23.50132, 23.50132]
tum_room5_512/2500/2 : [20.66039, 20.66039]
tum_room5_512/2500/3 : [10.58821, 10.58821]
tum_room5_512/5000/1 : [78.27726, 78.27726]
tum_room5_512/5000/2 : [7.20307, 7.20307]
tum_room5_512/5000/3 : [7.55924, 7.55924]
tum_room5_512/10000/1 : [7.45641, 7.45641]
tum_room5_512/10000/2 : [7.43764, 7.43764]
tum_room5_512/10000/3 : [7.50388, 7.50388]
tum_room6_512/500/1 : [7.81173, 7.81173]
tum_room6_512/500/2 : [7.60558, 7.60558]
tum_room6_512/500/3 : [7.56328, 7.56328]
tum_room6_512/750/1 : [7.98821, 7.98821]
tum_room6_512/750/2 : [7.60748, 7.60748]
tum_room6_512/750/3 : [7.60789, 7.60789]
tum_room6_512/1000/1 : [7.47499, 7.47499]
tum_room6_512/1000/2 : [6.52983, 5.90993, 7.53296]
tum_room6_512/1000/3 : [7.53926, 7.53926]
tum_room6_512/1250/1 : [7.5205, 7.5205]
tum_room6_512/1250/2 : [6.52679, 5.91985, 7.49666]
tum_room6_512/1250/3 : [6.47489, 5.96975, 7.54554]
tum_room6_512/2500/1 : [7.5178, 7.5178]
tum_room6_512/2500/2 : [7.4862, 7.4862]
tum_room6_512/2500/3 : [7.50932, 7.50932]
tum_room6_512/5000/1 : [7.53229, 7.53229]
tum_room6_512/5000/2 : [7.47996, 7.47996]
tum_room6_512/5000/3 : [7.52597, 7.52597]
tum_room6_512/10000/1 : [7.51497, 7.51497]
tum_room6_512/10000/2 : [7.50458, 7.50458]
tum_room6_512/10000/3 : [7.72247, 7.72247]
